<?xml version="1.0" encoding="UTF-8"?>
<testsuite xmlns:xsi="http://www.w3.org/2001/XMLSchema-instance" xsi:noNamespaceSchemaLocation="https://maven.apache.org/surefire/maven-surefire-plugin/xsd/surefire-test-report-3.0.xsd" version="3.0" name="com.example.astonhibernate.dao.UserDaoTest" time="0.587" tests="1" errors="0" skipped="0" failures="0">
  <properties>
[...]
</properties>
  <testcase name="testUserEntityCreation" classname="com.example.astonhibernate.dao.UserDaoTest" time="0.58">
    <system-out><![CDATA[23:18:13.029 [main] WARN  org.hibernate.orm.connections.pooling - HHH10001002: Using Hibernate built-in connection pool (not for production use!)
23:18:13.032 [main] INFO  org.hibernate.orm.connections.pooling - HHH10001005: using driver [org.postgresql.Driver] at URL [jdbc:postgresql://localhost:5432/userdb]
23:18:13.032 [main] INFO  org.hibernate.orm.connections.pooling - HHH10001001: Connection properties: {user=postgres, password=****}
23:18:13.033 [main] INFO  org.hibernate.orm.connections.pooling - HHH10001003: Autocommit mode: false
23:18:13.036 [main] INFO  org.hibernate.engine.jdbc.connections.internal.DriverManagerConnectionProviderImpl - HHH000115: Hibernate connection pool size: 1 (min=1)
23:18:13.237 [main] INFO  org.hibernate.dialect.Dialect - HHH000400: Using dialect: org.hibernate.dialect.PostgreSQLDialect
23:18:13.286 [main] INFO  org.hibernate.orm.connections.access - HHH10001501: Connection obtained from JdbcConnectionAccess [org.hibernate.engine.jdbc.env.internal.JdbcEnvironmentInitiator$ConnectionProviderJdbcConnectionAccess@3212bfd] for (non-JTA) DDL execution was not in auto-commit mode; the Connection 'local transaction' will be committed and the Connection will be set into auto-commit mode.
]]></system-out>
  </testcase>
</testsuite>